TagLib: Could not open file /home/k1mch1/music/Rap & Beats/Playboi Carti - Whole Lotta Red/01 - Playboi Carti - Rockstar Made.mp3
TagLib: Could not open file /home/k1mch1/music/Rap & Beats/Playboi Carti - Whole Lotta Red/01 - Playboi Carti - Rockstar Made.mp3
TagLib: Could not open file /home/k1mch1/music/Rap & Beats/Playboi Carti - Whole Lotta Red/01 - Playboi Carti - Rockstar Made.mp3
TagLib: Could not open file /home/k1mch1/music/Rap & Beats/proleteR/ProleteR - What Lana Says.flac
TagLib: Could not open file /home/k1mch1/music/new dowloads/nimrod_/10 Last Ride In.flac
TagLib: Could not open file /home/k1mch1/music/new dowloads/nimrod_/09 Uptight.flac
TagLib: Could not open file /home/k1mch1/music/new dowloads/nimrod_/06 All the Time.flac
TagLib: Could not open file /home/k1mch1/music/new dowloads/Dead Kennedys - Fresh Fruit For Rotting Vegetables (1980)/14 Viva Las Vegas.flac
TagLib: Could not open file /home/k1mch1/music/new dowloads/Death Grips - The Money Store (2012) [FLAC]/01 - Get Got.flac
TagLib: Could not open file /home/k1mch1/music/new dowloads/Death Grips - The Money Store (2012) [FLAC]/03 - Lost Boys.flac
TagLib: Could not open file /home/k1mch1/music/new dowloads/Madvillain - (2004) Madvillainy/03. Madvillain - Meat Grinder.flac
TagLib: Could not open file /home/k1mch1/music/youtube_downloads/GAMER/023 - TheFatRat - Monody (feat. Laura Brehm).m4a
TagLib: Could not open file /home/k1mch1/music/youtube_downloads/GAMER/023 - TheFatRat - Monody (feat. Laura Brehm).m4a
TagLib: Could not open file /home/k1mch1/music/youtube_downloads/GAMER/006 - TheFatRat - The Calling (feat. Laura Brehm).m4a
TagLib: Could not open file /home/k1mch1/music/youtube_downloads/GAMER/006 - TheFatRat - The Calling (feat. Laura Brehm).m4a
TagLib: Could not open file /home/k1mch1/music/youtube_downloads/GAMER/006 - TheFatRat - The Calling (feat. Laura Brehm).m4a
TagLib: Could not open file /home/k1mch1/music/youtube_downloads/GAMER/007 - Elektronomia - Limitless ｜ Progressive House ｜ NCS - Copyright Free Music.m4a
TagLib: Could not open file /home/k1mch1/music/youtube_downloads/GAMER/021 - Alan Walker - Force.m4a
TagLib: Could not open file /home/k1mch1/music/youtube_downloads/GAMER/021 - Alan Walker - Force.m4a
TagLib: Could not open file /home/k1mch1/music/youtube_downloads/GAMER/022 - TheFatRat - Unity.m4a
TagLib: Could not open file /home/k1mch1/music/youtube_downloads/GAMER/031 - TheFatRat - MAYDAY feat. Laura Brehm.m4a
TagLib: Could not open file /home/k1mch1/music/youtube_downloads/GAMER/033 - Laszlo - Imaginary Friends ｜ House ｜ NCS - Copyright Free Music.m4a
TagLib: Could not open file /home/k1mch1/music/youtube_downloads/GAMER/070 - Tobu - Colors.m4a
TagLib: Could not open file /home/k1mch1/music/youtube_downloads/HipHop & Beats/027 - Flamingo.m4a
TagLib: Could not open file /home/k1mch1/music/new dowloads/(2023) Surf Bungaku Kamakura Complete (サーフ ブンガク カマクラ (完全版))/10. Inamuragasaki Jane (2023 version) (稲村ヶ崎ジェーン (2023 ver.)).mp3
TagLib: Could not open file /home/k1mch1/music/new dowloads/(2023) Surf Bungaku Kamakura Complete (サーフ ブンガク カマクラ (完全版))/10. Inamuragasaki Jane (2023 version) (稲村ヶ崎ジェーン (2023 ver.)).mp3
TagLib: Could not open file /home/k1mch1/music/Rock/My Chemical Romance - three cheers for sweet revenge/Three Cheers For Sweet Revenge.CUE/track0009
TagLib: Could not open file /home/k1mch1/music/Rock/My Chemical Romance - three cheers for sweet revenge/Three Cheers For Sweet Revenge.CUE/track0009
TagLib: Could not open file /home/k1mch1/music/Rock/My Chemical Romance - three cheers for sweet revenge/Three Cheers For Sweet Revenge.CUE/track0010
TagLib: Could not open file /home/k1mch1/music/Rock/OK Computer/10 No Surprises.flac
TagLib: Could not open file /home/k1mch1/music/Rock/OK Computer/03 Subterranean Homesick Alien.flac
TagLib: Could not open file /home/k1mch1/music/Rock/OK Computer/06 Karma Police.flac
TagLib: Could not open file /home/k1mch1/music/Rock/Gorillaz/01 Re-Hash.flac
TagLib: Could not open file /home/k1mch1/music/Rock/Gorillaz/02 54.flac
